<?xml version="1.0" encoding="UTF-8"?>
<!-- Generated by org.testng.reporters.JUnitReportReporter -->
<testsuite hostname="BG3NB075" failures="0" tests="2" name="TestRunner.CucmberTestRunner2ForTags" time="0.027" errors="0" timestamp="2024-02-09T23:20:08 IST" skipped="0">
  <testcase classname="TestRunner.CucmberTestRunner2ForTags" name="runScenario" time="0.015"/>
  <testcase classname="TestRunner.CucmberTestRunner2ForTags" name="runScenario" time="0.012"/>
</testsuite> <!-- TestRunner.CucmberTestRunner2ForTags -->
