<?xml version="1.0" encoding="UTF-8"?>
<!-- Generated by org.testng.reporters.JUnitReportReporter -->
<testsuite hostname="BG3NB075" failures="0" tests="1" name="TestRunner.CucmberTestRunner2ForTage" time="0.231" errors="0" timestamp="2024-02-08T23:38:01 IST" skipped="0">
  <testcase classname="TestRunner.CucmberTestRunner2ForTage" name="runScenario" time="0.231"/>
</testsuite> <!-- TestRunner.CucmberTestRunner2ForTage -->
